[00:13:39] [Server thread/INFO]: [Not Secure] <lucas_71019> -523 -1196
[00:14:21] [Server thread/INFO]: [ssombrablanca: Teleported lucas_71019 to ssombrablanca]
[00:21:12] [Server thread/INFO]: [Not Secure] <ssombrablanca> -355.461 -791.513 aldea
[00:23:05] [Server thread/INFO]: lucas_71019 has made the advancement [Best Friends Forever]
[00:24:05] [Server thread/INFO]: DEX50000[/127.66.207.135:55965] logged in with entity id 18826 at (-541.8874493376799, 73.0, 272.71926649748343)
[00:24:05] [Server thread/INFO]: DEX50000 joined the game
[00:33:04] [Server thread/INFO]: DEX50000 has made the advancement [Ice Bucket Challenge]
[00:48:20] [Server thread/INFO]: [ssombrablanca: Teleported DEX50000 to ssombrablanca]
[00:50:14] [Server thread/WARN]: Mismatch in destroy block pos: jb{x=-414, y=92, z=-1287} jb{x=-413, y=91, z=-1287}
[01:01:04] [Server thread/INFO]: ssombrablanca lost connection: Disconnected
[01:01:04] [Server thread/INFO]: ssombrablanca left the game
[01:10:55] [Server thread/INFO]: DEX50000 has made the advancement [Sneak 100]
[01:11:02] [Server thread/INFO]: [Not Secure] <lucas_71019> voy
[01:12:29] [Server thread/INFO]: lucas_71019 has made the advancement [Sneak 100]
[01:14:55] [Server thread/INFO]: DEX50000 has made the advancement [Cover Me with Diamonds]
[01:23:48] [Server thread/INFO]: lucas_71019 lost connection: Disconnected
[01:23:48] [Server thread/INFO]: lucas_71019 left the game
[01:39:10] [Server thread/INFO]: ssombrablanca[/127.146.108.228:32843] logged in with entity id 39414 at (-422.8581158955023, 114.0, -700.3000000119209)
[01:39:10] [Server thread/INFO]: ssombrablanca joined the game
[01:45:07] [Server thread/INFO]: [ssombrablanca: Teleported ssombrablanca to DEX50000]
[01:46:44] [Server thread/INFO]: ssombrablanca has made the advancement [Sneak 100]
[01:47:24] [Server thread/INFO]: DEX50000 lost connection: Disconnected
[01:47:24] [Server thread/INFO]: DEX50000 left the game
[02:13:49] [Server thread/INFO]: Villager cuf['Farmer'/23142, l='ServerLevel[world]', x=-398.52, y=100.17, z=-755.47] died, message: 'Farmer was slain by Zombie'
[02:14:47] [Server thread/INFO]: ssombrablanca lost connection: Disconnected
[02:14:47] [Server thread/INFO]: ssombrablanca left the game
[02:14:54] [Server thread/INFO]: Stopping the server
[02:14:54] [Server thread/INFO]: Stopping server
[02:14:54] [Server thread/INFO]: Saving players
[02:14:54] [Server thread/INFO]: Saving worlds
[02:14:54] [Server thread/INFO]: Saving chunks for level 'ServerLevel[world]'/minecraft:overworld
[02:14:54] [Server thread/INFO]: Saving chunks for level 'ServerLevel[world]'/minecraft:the_end
[02:14:54] [Server thread/INFO]: Saving chunks for level 'ServerLevel[world]'/minecraft:the_nether
[02:14:54] [Server thread/INFO]: ThreadedAnvilChunkStorage (world): All chunks are saved
[02:14:54] [Server thread/INFO]: ThreadedAnvilChunkStorage (DIM1): All chunks are saved
[02:14:54] [Server thread/INFO]: ThreadedAnvilChunkStorage (DIM-1): All chunks are saved
[02:14:54] [Server thread/INFO]: ThreadedAnvilChunkStorage: All dimensions are saved
